# JRE version: Java(TM) SE Runtime Environment (8.0_31-b13) (build 1.8.0_31-b13)
# Java VM: Java HotSpot(TM) 64-Bit Server VM (25.31-b07 mixed mode windows-amd64 compressed oops)
Heap:
 PSYoungGen      total 486400K, used 384351K [0x00000000e0780000, 0x0000000100000000, 0x0000000100000000)
  eden space 456704K, 80% used [0x00000000e0780000,0x00000000f6cf4be8,0x00000000fc580000)
  from space 29696K, 61% used [0x00000000fc580000,0x00000000fd763250,0x00000000fe280000)
  to   space 30208K, 0% used [0x00000000fe280000,0x00000000fe280000,0x0000000100000000)
 ParOldGen       total 78336K, used 33862K [0x00000000a1600000, 0x00000000a6280000, 0x00000000e0780000)
  object space 78336K, 43% used [0x00000000a1600000,0x00000000a3711b08,0x00000000a6280000)
 Metaspace       used 56357K, capacity 57460K, committed 57560K, reserved 1099776K
  class space    used 7163K, capacity 7373K, committed 7424K, reserved 1048576K
GC Heap History (10 events):
Event: 23.096 GC heap before
{Heap before GC invocations=18 (full 2):
 PSYoungGen      total 403456K, used 399720K [0x00000000e0780000, 0x0000000100000000, 0x0000000100000000)
  eden space 379392K, 100% used [0x00000000e0780000,0x00000000f7a00000,0x00000000f7a00000)
  from space 24064K, 84% used [0x00000000f7a00000,0x00000000f8dda128,0x00000000f9180000)
  to   space 26624K, 0% used [0x00000000fe600000,0x00000000fe600000,0x0000000100000000)
 ParOldGen       total 78336K, used 37305K [0x00000000a1600000, 0x00000000a6280000, 0x00000000e0780000)
  object space 78336K, 47% used [0x00000000a1600000,0x00000000a3a6e470,0x00000000a6280000)
 Metaspace       used 53646K, capacity 54500K, committed 54616K, reserved 1097728K
  class space    used 6865K, capacity 7028K, committed 7040K, reserved 1048576K
Event: 23.123 GC heap after
Heap after GC invocations=18 (full 2):
 PSYoungGen      total 481792K, used 26623K [0x00000000e0780000, 0x0000000100000000, 0x0000000100000000)
  eden space 455168K, 0% used [0x00000000e0780000,0x00000000e0780000,0x00000000fc400000)
  from space 26624K, 99% used [0x00000000fe600000,0x00000000fffffcf8,0x0000000100000000)
  to   space 30720K, 0% used [0x00000000fc400000,0x00000000fc400000,0x00000000fe200000)
 ParOldGen       total 78336K, used 37385K [0x00000000a1600000, 0x00000000a6280000, 0x00000000e0780000)
  object space 78336K, 47% used [0x00000000a1600000,0x00000000a3a82470,0x00000000a6280000)
 Metaspace       used 53646K, capacity 54500K, committed 54616K, reserved 1097728K
  class space    used 6865K, capacity 7028K, committed 7040K, reserved 1048576K
}
Event: 281.163 GC heap before
{Heap before GC invocations=19 (full 2):
 PSYoungGen      total 481792K, used 481791K [0x00000000e0780000, 0x0000000100000000, 0x0000000100000000)
  eden space 455168K, 100% used [0x00000000e0780000,0x00000000fc400000,0x00000000fc400000)
  from space 26624K, 99% used [0x00000000fe600000,0x00000000fffffcf8,0x0000000100000000)
  to   space 30720K, 0% used [0x00000000fc400000,0x00000000fc400000,0x00000000fe200000)
 ParOldGen       total 78336K, used 37385K [0x00000000a1600000, 0x00000000a6280000, 0x00000000e0780000)
  object space 78336K, 47% used [0x00000000a1600000,0x00000000a3a82470,0x00000000a6280000)
 Metaspace       used 54905K, capacity 55836K, committed 56152K, reserved 1097728K
  class space    used 7013K, capacity 7204K, committed 7296K, reserved 1048576K
Event: 281.177 GC heap after
Heap after GC invocations=19 (full 2):
 PSYoungGen      total 485888K, used 5810K [0x00000000e0780000, 0x0000000100000000, 0x0000000100000000)
  eden space 455168K, 0% used [0x00000000e0780000,0x00000000e0780000,0x00000000fc400000)
  from space 30720K, 18% used [0x00000000fc400000,0x00000000fc9acaa8,0x00000000fe200000)
  to   space 30208K, 0% used [0x00000000fe280000,0x00000000fe280000,0x0000000100000000)
 ParOldGen       total 78336K, used 44084K [0x00000000a1600000, 0x00000000a6280000, 0x00000000e0780000)
  object space 78336K, 56% used [0x00000000a1600000,0x00000000a410d360,0x00000000a6280000)
 Metaspace       used 54905K, capacity 55836K, committed 56152K, reserved 1097728K
  class space    used 7013K, capacity 7204K, committed 7296K, reserved 1048576K
}
Event: 372.443 GC heap before
{Heap before GC invocations=20 (full 2):
 PSYoungGen      total 485888K, used 263319K [0x00000000e0780000, 0x0000000100000000, 0x0000000100000000)
  eden space 455168K, 56% used [0x00000000e0780000,0x00000000f02f91a8,0x00000000fc400000)
  from space 30720K, 18% used [0x00000000fc400000,0x00000000fc9acaa8,0x00000000fe200000)
  to   space 30208K, 0% used [0x00000000fe280000,0x00000000fe280000,0x0000000100000000)
 ParOldGen       total 78336K, used 44084K [0x00000000a1600000, 0x00000000a6280000, 0x00000000e0780000)
  object space 78336K, 56% used [0x00000000a1600000,0x00000000a410d360,0x00000000a6280000)
 Metaspace       used 54965K, capacity 55912K, committed 56152K, reserved 1097728K
  class space    used 7023K, capacity 7207K, committed 7296K, reserved 1048576K
Event: 372.452 GC heap after
Heap after GC invocations=20 (full 2):
 PSYoungGen      total 486912K, used 4448K [0x00000000e0780000, 0x0000000100000000, 0x0000000100000000)
  eden space 456704K, 0% used [0x00000000e0780000,0x00000000e0780000,0x00000000fc580000)
  from space 30208K, 14% used [0x00000000fe280000,0x00000000fe6d8000,0x0000000100000000)
  to   space 29696K, 0% used [0x00000000fc580000,0x00000000fc580000,0x00000000fe280000)
 ParOldGen       total 78336K, used 44092K [0x00000000a1600000, 0x00000000a6280000, 0x00000000e0780000)
  object space 78336K, 56% used [0x00000000a1600000,0x00000000a410f360,0x00000000a6280000)
 Metaspace       used 54965K, capacity 55912K, committed 56152K, reserved 1097728K
  class space    used 7023K, capacity 7207K, committed 7296K, reserved 1048576K
}
Event: 372.452 GC heap before
{Heap before GC invocations=21 (full 3):
 PSYoungGen      total 486912K, used 4448K [0x00000000e0780000, 0x0000000100000000, 0x0000000100000000)
  eden space 456704K, 0% used [0x00000000e0780000,0x00000000e0780000,0x00000000fc580000)
  from space 30208K, 14% used [0x00000000fe280000,0x00000000fe6d8000,0x0000000100000000)
  to   space 29696K, 0% used [0x00000000fc580000,0x00000000fc580000,0x00000000fe280000)
 ParOldGen       total 78336K, used 44092K [0x00000000a1600000, 0x00000000a6280000, 0x00000000e0780000)
  object space 78336K, 56% used [0x00000000a1600000,0x00000000a410f360,0x00000000a6280000)
 Metaspace       used 54965K, capacity 55912K, committed 56152K, reserved 1097728K
  class space    used 7023K, capacity 7207K, committed 7296K, reserved 1048576K
Event: 372.713 GC heap after
Heap after GC invocations=21 (full 3):
 PSYoungGen      total 486912K, used 0K [0x00000000e0780000, 0x0000000100000000, 0x0000000100000000)
  eden space 456704K, 0% used [0x00000000e0780000,0x00000000e0780000,0x00000000fc580000)
  from space 30208K, 0% used [0x00000000fe280000,0x00000000fe280000,0x0000000100000000)
  to   space 29696K, 0% used [0x00000000fc580000,0x00000000fc580000,0x00000000fe280000)
 ParOldGen       total 78336K, used 33854K [0x00000000a1600000, 0x00000000a6280000, 0x00000000e0780000)
  object space 78336K, 43% used [0x00000000a1600000,0x00000000a370fb08,0x00000000a6280000)
 Metaspace       used 54834K, capacity 55702K, committed 56152K, reserved 1097728K
  class space    used 7003K, capacity 7172K, committed 7296K, reserved 1048576K
}
Event: 374.930 GC heap before
{Heap before GC invocations=22 (full 3):
 PSYoungGen      total 486912K, used 456704K [0x00000000e0780000, 0x0000000100000000, 0x0000000100000000)
  eden space 456704K, 100% used [0x00000000e0780000,0x00000000fc580000,0x00000000fc580000)
  from space 30208K, 0% used [0x00000000fe280000,0x00000000fe280000,0x0000000100000000)
  to   space 29696K, 0% used [0x00000000fc580000,0x00000000fc580000,0x00000000fe280000)
 ParOldGen       total 78336K, used 33854K [0x00000000a1600000, 0x00000000a6280000, 0x00000000e0780000)
  object space 78336K, 43% used [0x00000000a1600000,0x00000000a370fb08,0x00000000a6280000)
 Metaspace       used 55441K, capacity 56456K, committed 56792K, reserved 1099776K
  class space    used 7100K, capacity 7307K, committed 7424K, reserved 1048576K
Event: 374.949 GC heap after
Heap after GC invocations=22 (full 3):
 PSYoungGen      total 486400K, used 18316K [0x00000000e0780000, 0x0000000100000000, 0x0000000100000000)
  eden space 456704K, 0% used [0x00000000e0780000,0x00000000e0780000,0x00000000fc580000)
  from space 29696K, 61% used [0x00000000fc580000,0x00000000fd763250,0x00000000fe280000)
  to   space 30208K, 0% used [0x00000000fe280000,0x00000000fe280000,0x0000000100000000)
 ParOldGen       total 78336K, used 33862K [0x00000000a1600000, 0x00000000a6280000, 0x00000000e0780000)
  object space 78336K, 43% used [0x00000000a1600000,0x00000000a3711b08,0x00000000a6280000)
 Metaspace       used 55441K, capacity 56456K, committed 56792K, reserved 1099776K
  class space    used 7100K, capacity 7307K, committed 7424K, reserved 1048576K
}

